[debug] [2022-02-04T16:10:30.738Z] ----------------------------------------------------------------------
[debug] [2022-02-04T16:10:30.739Z] Command:       /usr/local/bin/node /usr/local/bin/firebase emulators:start --only functions
[debug] [2022-02-04T16:10:30.740Z] CLI Version:   10.1.4
[debug] [2022-02-04T16:10:30.740Z] Platform:      darwin
[debug] [2022-02-04T16:10:30.740Z] Node Version:  v14.18.1
[debug] [2022-02-04T16:10:30.741Z] Time:          Fri Feb 04 2022 17:10:30 GMT+0100 (Central European Standard Time)
[debug] [2022-02-04T16:10:30.741Z] ----------------------------------------------------------------------
[debug] 
[debug] [2022-02-04T16:10:30.793Z] > command requires scopes: ["email","openid","https://www.googleapis.com/auth/cloudplatformprojects.readonly","https://www.googleapis.com/auth/firebase","https://www.googleapis.com/auth/cloud-platform"]
[debug] [2022-02-04T16:10:30.793Z] > authorizing via signed-in user (ste.rainieri@gmail.com)
[info] i  emulators: Starting emulators: functions {"metadata":{"emulator":{"name":"hub"},"message":"Starting emulators: functions"}}
[debug] [2022-02-04T16:10:30.806Z] [hub] writing locator at /var/folders/tj/ysp0__mx4578xc659wqmnt180000gn/T/hub-mealstogo-bb2ea.json
[warn] ⚠  functions: The following emulators are not running, calls to these services from the Functions emulator will affect production: auth, firestore, database, hosting, pubsub, storage {"metadata":{"emulator":{"name":"functions"},"message":"The following emulators are not running, calls to these services from the Functions emulator will affect production: \u001b[1mauth, firestore, database, hosting, pubsub, storage\u001b[22m"}}
[info] ✔  functions: Using node@14 from host. {"metadata":{"emulator":{"name":"functions"},"message":"Using node@14 from host."}}
[debug] [2022-02-04T16:10:30.825Z] defaultcredentials: writing to file /Users/ste_rainieri/.config/firebase/ste_rainieri_gmail.com_application_default_credentials.json
[debug] [2022-02-04T16:10:30.828Z] Setting GAC to /Users/ste_rainieri/.config/firebase/ste_rainieri_gmail.com_application_default_credentials.json {"metadata":{"emulator":{"name":"functions"},"message":"Setting GAC to /Users/ste_rainieri/.config/firebase/ste_rainieri_gmail.com_application_default_credentials.json"}}
[debug] [2022-02-04T16:10:30.830Z] > refreshing access token with scopes: []
[debug] [2022-02-04T16:10:30.831Z] >>> HTTP REQUEST POST https://www.googleapis.com/oauth2/v3/token  
 <request body omitted>
[debug] [2022-02-04T16:10:31.088Z] <<< HTTP RESPONSE 200 {"cache-control":"no-cache, no-store, max-age=0, must-revalidate","expires":"Mon, 01 Jan 1990 00:00:00 GMT","date":"Fri, 04 Feb 2022 16:10:31 GMT","pragma":"no-cache","content-type":"application/json; charset=utf-8","vary":"X-Origin, Referer, Origin,Accept-Encoding","server":"scaffolding on HTTPServer2","x-xss-protection":"0","x-frame-options":"SAMEORIGIN","x-content-type-options":"nosniff","alt-svc":"h3=\":443\"; ma=2592000,h3-29=\":443\"; ma=2592000,h3-Q050=\":443\"; ma=2592000,h3-Q046=\":443\"; ma=2592000,h3-Q043=\":443\"; ma=2592000,quic=\":443\"; ma=2592000; v=\"46,43\"","accept-ranges":"none","transfer-encoding":"chunked"}
[debug] [2022-02-04T16:10:31.139Z] >>> [apiv2][query] GET https://firebase.googleapis.com/v1beta1/projects/mealstogo-bb2ea/adminSdkConfig [none]
[debug] [2022-02-04T16:10:31.526Z] <<< [apiv2][status] GET https://firebase.googleapis.com/v1beta1/projects/mealstogo-bb2ea/adminSdkConfig 200
[debug] [2022-02-04T16:10:31.526Z] <<< [apiv2][body] GET https://firebase.googleapis.com/v1beta1/projects/mealstogo-bb2ea/adminSdkConfig {"projectId":"mealstogo-bb2ea","storageBucket":"mealstogo-bb2ea.appspot.com"}
[debug] [2022-02-04T16:10:31.814Z] Ignoring unsupported arg: auto_download {"metadata":{"emulator":{"name":"ui"},"message":"Ignoring unsupported arg: auto_download"}}
[debug] [2022-02-04T16:10:31.815Z] Ignoring unsupported arg: port {"metadata":{"emulator":{"name":"ui"},"message":"Ignoring unsupported arg: port"}}
[debug] [2022-02-04T16:10:31.815Z] Starting Emulator UI with command {"binary":"node","args":["/Users/ste_rainieri/.cache/firebase/emulators/ui-v1.6.4/server.bundle.js"],"optionalArgs":[],"joinArgs":false} {"metadata":{"emulator":{"name":"ui"},"message":"Starting Emulator UI with command {\"binary\":\"node\",\"args\":[\"/Users/ste_rainieri/.cache/firebase/emulators/ui-v1.6.4/server.bundle.js\"],\"optionalArgs\":[],\"joinArgs\":false}"}}
[info] i  ui: Emulator UI logging to ui-debug.log {"metadata":{"emulator":{"name":"ui"},"message":"Emulator UI logging to \u001b[1mui-debug.log\u001b[22m"}}
[debug] [2022-02-04T16:10:31.926Z] Web / API server started at localhost:4000
 {"metadata":{"emulator":{"name":"ui"},"message":"Web / API server started at localhost:4000\n"}}
[info] i  functions: Watching "/Users/ste_rainieri/Projects/mbo/react-native/mealstogo/functions" for Cloud Functions... {"metadata":{"emulator":{"name":"functions"},"message":"Watching \"/Users/ste_rainieri/Projects/mbo/react-native/mealstogo/functions\" for Cloud Functions..."}}
[debug] [2022-02-04T16:10:32.091Z] [worker-pool] addWorker(~diagnostic~) {"metadata":{"emulator":{"name":"functions"},"message":"[worker-pool] addWorker(~diagnostic~)"}}
[debug] [2022-02-04T16:10:32.091Z] [worker-pool] Adding worker with key ~diagnostic~, total=1 {"metadata":{"emulator":{"name":"functions"},"message":"[worker-pool] Adding worker with key ~diagnostic~, total=1"}}
[debug] [2022-02-04T16:10:32.091Z] [worker-pool] submitWork(triggerId=) {"metadata":{"emulator":{"name":"functions"},"message":"[worker-pool] submitWork(triggerId=)"}}
[debug] [2022-02-04T16:10:32.092Z] [worker-~diagnostic~-f03e7ebb-ce2c-42d9-a3c0-460d176795ea]: Assigning socketPath: /var/folders/tj/ysp0__mx4578xc659wqmnt180000gn/T/fire_emu_49740.sock {"metadata":{"emulator":{"name":"functions"},"message":"[worker-~diagnostic~-f03e7ebb-ce2c-42d9-a3c0-460d176795ea]: Assigning socketPath: /var/folders/tj/ysp0__mx4578xc659wqmnt180000gn/T/fire_emu_49740.sock"}}
[debug] [2022-02-04T16:10:32.092Z] [worker-~diagnostic~-f03e7ebb-ce2c-42d9-a3c0-460d176795ea]: BUSY {"metadata":{"emulator":{"name":"functions"},"message":"[worker-~diagnostic~-f03e7ebb-ce2c-42d9-a3c0-460d176795ea]: BUSY"}}
[debug] [2022-02-04T16:10:32.218Z] [runtime-status] [49740] Functions runtime initialized. {"cwd":"/Users/ste_rainieri/Projects/mbo/react-native/mealstogo/functions","node_version":"14.18.1"} {"metadata":{"emulator":{"name":"functions"},"message":"[runtime-status] [49740] Functions runtime initialized. {\"cwd\":\"/Users/ste_rainieri/Projects/mbo/react-native/mealstogo/functions\",\"node_version\":\"14.18.1\"}"}}
[debug] [2022-02-04T16:10:32.219Z] [runtime-status] [49740] Disabled runtime features: undefined {"metadata":{"emulator":{"name":"functions"},"message":"[runtime-status] [49740] Disabled runtime features: undefined"}}
[debug] [2022-02-04T16:10:32.222Z] [runtime-status] [49740] Resolved module firebase-admin {"declared":true,"installed":true,"version":"9.12.0","resolution":"/Users/ste_rainieri/Projects/mbo/react-native/mealstogo/functions/node_modules/firebase-admin/lib/index.js"} {"metadata":{"emulator":{"name":"functions"},"message":"[runtime-status] [49740] Resolved module firebase-admin {\"declared\":true,\"installed\":true,\"version\":\"9.12.0\",\"resolution\":\"/Users/ste_rainieri/Projects/mbo/react-native/mealstogo/functions/node_modules/firebase-admin/lib/index.js\"}"}}
[debug] [2022-02-04T16:10:32.224Z] [runtime-status] [49740] Resolved module firebase-functions {"declared":true,"installed":true,"version":"3.16.0","resolution":"/Users/ste_rainieri/Projects/mbo/react-native/mealstogo/functions/node_modules/firebase-functions/lib/index.js"} {"metadata":{"emulator":{"name":"functions"},"message":"[runtime-status] [49740] Resolved module firebase-functions {\"declared\":true,\"installed\":true,\"version\":\"3.16.0\",\"resolution\":\"/Users/ste_rainieri/Projects/mbo/react-native/mealstogo/functions/node_modules/firebase-functions/lib/index.js\"}"}}
[debug] [2022-02-04T16:10:32.225Z] [runtime-status] [49740] Found local functions config: /Users/ste_rainieri/Projects/mbo/react-native/mealstogo/functions/.runtimeconfig.json {"metadata":{"emulator":{"name":"functions"},"message":"[runtime-status] [49740] Found local functions config: /Users/ste_rainieri/Projects/mbo/react-native/mealstogo/functions/.runtimeconfig.json"}}
[debug] [2022-02-04T16:10:32.226Z] [runtime-status] [49740] Outgoing network have been stubbed. [{"name":"http","status":"mocked"},{"name":"http","status":"mocked"},{"name":"https","status":"mocked"},{"name":"https","status":"mocked"},{"name":"net","status":"mocked"}] {"metadata":{"emulator":{"name":"functions"},"message":"[runtime-status] [49740] Outgoing network have been stubbed. [{\"name\":\"http\",\"status\":\"mocked\"},{\"name\":\"http\",\"status\":\"mocked\"},{\"name\":\"https\",\"status\":\"mocked\"},{\"name\":\"https\",\"status\":\"mocked\"},{\"name\":\"net\",\"status\":\"mocked\"}]"}}
[debug] [2022-02-04T16:10:32.227Z] [runtime-status] [49740] Resolved module firebase-functions {"declared":true,"installed":true,"version":"3.16.0","resolution":"/Users/ste_rainieri/Projects/mbo/react-native/mealstogo/functions/node_modules/firebase-functions/lib/index.js"} {"metadata":{"emulator":{"name":"functions"},"message":"[runtime-status] [49740] Resolved module firebase-functions {\"declared\":true,\"installed\":true,\"version\":\"3.16.0\",\"resolution\":\"/Users/ste_rainieri/Projects/mbo/react-native/mealstogo/functions/node_modules/firebase-functions/lib/index.js\"}"}}
[debug] [2022-02-04T16:10:32.269Z] [runtime-status] [49740] Checked functions.config() {"config":{"google":{"key":"AIzaSyAmcZo9-NU8eZa463SyYKwbpW3fyGp41Uw"}}} {"metadata":{"emulator":{"name":"functions"},"message":"[runtime-status] [49740] Checked functions.config() {\"config\":{\"google\":{\"key\":\"AIzaSyAmcZo9-NU8eZa463SyYKwbpW3fyGp41Uw\"}}}"}}
[debug] [2022-02-04T16:10:32.270Z] [runtime-status] [49740] firebase-functions has been stubbed. {"functionsResolution":{"declared":true,"installed":true,"version":"3.16.0","resolution":"/Users/ste_rainieri/Projects/mbo/react-native/mealstogo/functions/node_modules/firebase-functions/lib/index.js"}} {"metadata":{"emulator":{"name":"functions"},"message":"[runtime-status] [49740] firebase-functions has been stubbed. {\"functionsResolution\":{\"declared\":true,\"installed\":true,\"version\":\"3.16.0\",\"resolution\":\"/Users/ste_rainieri/Projects/mbo/react-native/mealstogo/functions/node_modules/firebase-functions/lib/index.js\"}}"}}
[debug] [2022-02-04T16:10:32.270Z] [runtime-status] [49740] Resolved module firebase-functions {"declared":true,"installed":true,"version":"3.16.0","resolution":"/Users/ste_rainieri/Projects/mbo/react-native/mealstogo/functions/node_modules/firebase-functions/lib/index.js"} {"metadata":{"emulator":{"name":"functions"},"message":"[runtime-status] [49740] Resolved module firebase-functions {\"declared\":true,\"installed\":true,\"version\":\"3.16.0\",\"resolution\":\"/Users/ste_rainieri/Projects/mbo/react-native/mealstogo/functions/node_modules/firebase-functions/lib/index.js\"}"}}
[debug] [2022-02-04T16:10:32.271Z] [runtime-status] [49740] Resolved module firebase-admin {"declared":true,"installed":true,"version":"9.12.0","resolution":"/Users/ste_rainieri/Projects/mbo/react-native/mealstogo/functions/node_modules/firebase-admin/lib/index.js"} {"metadata":{"emulator":{"name":"functions"},"message":"[runtime-status] [49740] Resolved module firebase-admin {\"declared\":true,\"installed\":true,\"version\":\"9.12.0\",\"resolution\":\"/Users/ste_rainieri/Projects/mbo/react-native/mealstogo/functions/node_modules/firebase-admin/lib/index.js\"}"}}
[debug] [2022-02-04T16:10:32.271Z] [runtime-status] [49740] Resolved module firebase-functions {"declared":true,"installed":true,"version":"3.16.0","resolution":"/Users/ste_rainieri/Projects/mbo/react-native/mealstogo/functions/node_modules/firebase-functions/lib/index.js"} {"metadata":{"emulator":{"name":"functions"},"message":"[runtime-status] [49740] Resolved module firebase-functions {\"declared\":true,\"installed\":true,\"version\":\"3.16.0\",\"resolution\":\"/Users/ste_rainieri/Projects/mbo/react-native/mealstogo/functions/node_modules/firebase-functions/lib/index.js\"}"}}
[debug] [2022-02-04T16:10:32.271Z] [runtime-status] [49740] firebase-admin has been stubbed. {"adminResolution":{"declared":true,"installed":true,"version":"9.12.0","resolution":"/Users/ste_rainieri/Projects/mbo/react-native/mealstogo/functions/node_modules/firebase-admin/lib/index.js"}} {"metadata":{"emulator":{"name":"functions"},"message":"[runtime-status] [49740] firebase-admin has been stubbed. {\"adminResolution\":{\"declared\":true,\"installed\":true,\"version\":\"9.12.0\",\"resolution\":\"/Users/ste_rainieri/Projects/mbo/react-native/mealstogo/functions/node_modules/firebase-admin/lib/index.js\"}}"}}
[info] ✔  functions[us-central1-geocode]: http function initialized (http://localhost:5001/mealstogo-bb2ea/us-central1/geocode). {"metadata":{"emulator":{"name":"functions"},"message":"\u001b[1mhttp\u001b[22m function initialized (http://localhost:5001/mealstogo-bb2ea/us-central1/geocode)."}}
[info] ✔  functions[us-central1-places]: http function initialized (http://localhost:5001/mealstogo-bb2ea/us-central1/places). {"metadata":{"emulator":{"name":"functions"},"message":"\u001b[1mhttp\u001b[22m function initialized (http://localhost:5001/mealstogo-bb2ea/us-central1/places)."}}
[info] ✔  functions[us-central1-pay]: http function initialized (http://localhost:5001/mealstogo-bb2ea/us-central1/pay). {"metadata":{"emulator":{"name":"functions"},"message":"\u001b[1mhttp\u001b[22m function initialized (http://localhost:5001/mealstogo-bb2ea/us-central1/pay)."}}
[info] 
┌─────────────────────────────────────────────────────────────┐
│ ✔  All emulators ready! It is now safe to connect your app. │
│ i  View Emulator UI at http://localhost:4000                │
└─────────────────────────────────────────────────────────────┘

┌───────────┬────────────────┬─────────────────────────────────┐
│ Emulator  │ Host:Port      │ View in Emulator UI             │
├───────────┼────────────────┼─────────────────────────────────┤
│ Functions │ localhost:5001 │ http://localhost:4000/functions │
└───────────┴────────────────┴─────────────────────────────────┘
  Emulator Hub running at localhost:4400
  Other reserved ports: 4500

Issues? Report them at https://github.com/firebase/firebase-tools/issues and attach the *-debug.log files.
 
[debug] [2022-02-04T16:10:32.358Z] [worker-~diagnostic~-f03e7ebb-ce2c-42d9-a3c0-460d176795ea]: IDLE {"metadata":{"emulator":{"name":"functions"},"message":"[worker-~diagnostic~-f03e7ebb-ce2c-42d9-a3c0-460d176795ea]: IDLE"}}
[debug] [2022-02-04T16:10:36.518Z] [work-queue] {"queueLength":1,"workRunningCount":0}
[debug] [2022-02-04T16:10:36.519Z] [work-queue] {"queueLength":0,"workRunningCount":1}
[debug] [2022-02-04T16:10:36.521Z] Accepted request GET /mealstogo-bb2ea/us-central1/geocode?city=san%20francisco&mock=false --> us-central1-geocode
[debug] [2022-02-04T16:10:36.532Z] [worker-pool] addWorker(us-central1-geocode) {"metadata":{"emulator":{"name":"functions"},"message":"[worker-pool] addWorker(us-central1-geocode)"}}
[debug] [2022-02-04T16:10:36.533Z] [worker-pool] Adding worker with key us-central1-geocode, total=1 {"metadata":{"emulator":{"name":"functions"},"message":"[worker-pool] Adding worker with key us-central1-geocode, total=1"}}
[debug] [2022-02-04T16:10:36.533Z] [worker-pool] submitWork(triggerId=us-central1-geocode) {"metadata":{"emulator":{"name":"functions"},"message":"[worker-pool] submitWork(triggerId=us-central1-geocode)"}}
[debug] [2022-02-04T16:10:36.534Z] [worker-us-central1-geocode-4c8c38c2-84ca-4b0c-a105-265b57475d28]: Assigning socketPath: /var/folders/tj/ysp0__mx4578xc659wqmnt180000gn/T/fire_emu_49747.sock {"metadata":{"emulator":{"name":"functions"},"message":"[worker-us-central1-geocode-4c8c38c2-84ca-4b0c-a105-265b57475d28]: Assigning socketPath: /var/folders/tj/ysp0__mx4578xc659wqmnt180000gn/T/fire_emu_49747.sock"}}
[debug] [2022-02-04T16:10:36.534Z] [worker-us-central1-geocode-4c8c38c2-84ca-4b0c-a105-265b57475d28]: BUSY {"metadata":{"emulator":{"name":"functions"},"message":"[worker-us-central1-geocode-4c8c38c2-84ca-4b0c-a105-265b57475d28]: BUSY"}}
[debug] [2022-02-04T16:10:36.682Z] [runtime-status] [49747] Functions runtime initialized. {"cwd":"/Users/ste_rainieri/Projects/mbo/react-native/mealstogo/functions","node_version":"14.18.1"} {"metadata":{"emulator":{"name":"functions"},"function":{"name":"us-central1-geocode"},"message":"[runtime-status] [49747] Functions runtime initialized. {\"cwd\":\"/Users/ste_rainieri/Projects/mbo/react-native/mealstogo/functions\",\"node_version\":\"14.18.1\"}"}}
[debug] [2022-02-04T16:10:36.683Z] [runtime-status] [49747] Disabled runtime features: undefined {"metadata":{"emulator":{"name":"functions"},"function":{"name":"us-central1-geocode"},"message":"[runtime-status] [49747] Disabled runtime features: undefined"}}
[debug] [2022-02-04T16:10:36.685Z] [runtime-status] [49747] Resolved module firebase-admin {"declared":true,"installed":true,"version":"9.12.0","resolution":"/Users/ste_rainieri/Projects/mbo/react-native/mealstogo/functions/node_modules/firebase-admin/lib/index.js"} {"metadata":{"emulator":{"name":"functions"},"function":{"name":"us-central1-geocode"},"message":"[runtime-status] [49747] Resolved module firebase-admin {\"declared\":true,\"installed\":true,\"version\":\"9.12.0\",\"resolution\":\"/Users/ste_rainieri/Projects/mbo/react-native/mealstogo/functions/node_modules/firebase-admin/lib/index.js\"}"}}
[debug] [2022-02-04T16:10:36.687Z] [runtime-status] [49747] Resolved module firebase-functions {"declared":true,"installed":true,"version":"3.16.0","resolution":"/Users/ste_rainieri/Projects/mbo/react-native/mealstogo/functions/node_modules/firebase-functions/lib/index.js"} {"metadata":{"emulator":{"name":"functions"},"function":{"name":"us-central1-geocode"},"message":"[runtime-status] [49747] Resolved module firebase-functions {\"declared\":true,\"installed\":true,\"version\":\"3.16.0\",\"resolution\":\"/Users/ste_rainieri/Projects/mbo/react-native/mealstogo/functions/node_modules/firebase-functions/lib/index.js\"}"}}
[debug] [2022-02-04T16:10:36.687Z] [runtime-status] [49747] Found local functions config: /Users/ste_rainieri/Projects/mbo/react-native/mealstogo/functions/.runtimeconfig.json {"metadata":{"emulator":{"name":"functions"},"function":{"name":"us-central1-geocode"},"message":"[runtime-status] [49747] Found local functions config: /Users/ste_rainieri/Projects/mbo/react-native/mealstogo/functions/.runtimeconfig.json"}}
[debug] [2022-02-04T16:10:36.689Z] [runtime-status] [49747] Outgoing network have been stubbed. [{"name":"http","status":"mocked"},{"name":"http","status":"mocked"},{"name":"https","status":"mocked"},{"name":"https","status":"mocked"},{"name":"net","status":"mocked"}] {"metadata":{"emulator":{"name":"functions"},"function":{"name":"us-central1-geocode"},"message":"[runtime-status] [49747] Outgoing network have been stubbed. [{\"name\":\"http\",\"status\":\"mocked\"},{\"name\":\"http\",\"status\":\"mocked\"},{\"name\":\"https\",\"status\":\"mocked\"},{\"name\":\"https\",\"status\":\"mocked\"},{\"name\":\"net\",\"status\":\"mocked\"}]"}}
[debug] [2022-02-04T16:10:36.689Z] [runtime-status] [49747] Resolved module firebase-functions {"declared":true,"installed":true,"version":"3.16.0","resolution":"/Users/ste_rainieri/Projects/mbo/react-native/mealstogo/functions/node_modules/firebase-functions/lib/index.js"} {"metadata":{"emulator":{"name":"functions"},"function":{"name":"us-central1-geocode"},"message":"[runtime-status] [49747] Resolved module firebase-functions {\"declared\":true,\"installed\":true,\"version\":\"3.16.0\",\"resolution\":\"/Users/ste_rainieri/Projects/mbo/react-native/mealstogo/functions/node_modules/firebase-functions/lib/index.js\"}"}}
[debug] [2022-02-04T16:10:36.717Z] [runtime-status] [49747] Checked functions.config() {"config":{"google":{"key":"AIzaSyAmcZo9-NU8eZa463SyYKwbpW3fyGp41Uw"}}} {"metadata":{"emulator":{"name":"functions"},"function":{"name":"us-central1-geocode"},"message":"[runtime-status] [49747] Checked functions.config() {\"config\":{\"google\":{\"key\":\"AIzaSyAmcZo9-NU8eZa463SyYKwbpW3fyGp41Uw\"}}}"}}
[debug] [2022-02-04T16:10:36.717Z] [runtime-status] [49747] firebase-functions has been stubbed. {"functionsResolution":{"declared":true,"installed":true,"version":"3.16.0","resolution":"/Users/ste_rainieri/Projects/mbo/react-native/mealstogo/functions/node_modules/firebase-functions/lib/index.js"}} {"metadata":{"emulator":{"name":"functions"},"function":{"name":"us-central1-geocode"},"message":"[runtime-status] [49747] firebase-functions has been stubbed. {\"functionsResolution\":{\"declared\":true,\"installed\":true,\"version\":\"3.16.0\",\"resolution\":\"/Users/ste_rainieri/Projects/mbo/react-native/mealstogo/functions/node_modules/firebase-functions/lib/index.js\"}}"}}
[debug] [2022-02-04T16:10:36.718Z] [runtime-status] [49747] Resolved module firebase-functions {"declared":true,"installed":true,"version":"3.16.0","resolution":"/Users/ste_rainieri/Projects/mbo/react-native/mealstogo/functions/node_modules/firebase-functions/lib/index.js"} {"metadata":{"emulator":{"name":"functions"},"function":{"name":"us-central1-geocode"},"message":"[runtime-status] [49747] Resolved module firebase-functions {\"declared\":true,\"installed\":true,\"version\":\"3.16.0\",\"resolution\":\"/Users/ste_rainieri/Projects/mbo/react-native/mealstogo/functions/node_modules/firebase-functions/lib/index.js\"}"}}
[debug] [2022-02-04T16:10:36.718Z] [runtime-status] [49747] Resolved module firebase-admin {"declared":true,"installed":true,"version":"9.12.0","resolution":"/Users/ste_rainieri/Projects/mbo/react-native/mealstogo/functions/node_modules/firebase-admin/lib/index.js"} {"metadata":{"emulator":{"name":"functions"},"function":{"name":"us-central1-geocode"},"message":"[runtime-status] [49747] Resolved module firebase-admin {\"declared\":true,\"installed\":true,\"version\":\"9.12.0\",\"resolution\":\"/Users/ste_rainieri/Projects/mbo/react-native/mealstogo/functions/node_modules/firebase-admin/lib/index.js\"}"}}
[debug] [2022-02-04T16:10:36.719Z] [runtime-status] [49747] Resolved module firebase-functions {"declared":true,"installed":true,"version":"3.16.0","resolution":"/Users/ste_rainieri/Projects/mbo/react-native/mealstogo/functions/node_modules/firebase-functions/lib/index.js"} {"metadata":{"emulator":{"name":"functions"},"function":{"name":"us-central1-geocode"},"message":"[runtime-status] [49747] Resolved module firebase-functions {\"declared\":true,\"installed\":true,\"version\":\"3.16.0\",\"resolution\":\"/Users/ste_rainieri/Projects/mbo/react-native/mealstogo/functions/node_modules/firebase-functions/lib/index.js\"}"}}
[debug] [2022-02-04T16:10:36.719Z] [runtime-status] [49747] firebase-admin has been stubbed. {"adminResolution":{"declared":true,"installed":true,"version":"9.12.0","resolution":"/Users/ste_rainieri/Projects/mbo/react-native/mealstogo/functions/node_modules/firebase-admin/lib/index.js"}} {"metadata":{"emulator":{"name":"functions"},"function":{"name":"us-central1-geocode"},"message":"[runtime-status] [49747] firebase-admin has been stubbed. {\"adminResolution\":{\"declared\":true,\"installed\":true,\"version\":\"9.12.0\",\"resolution\":\"/Users/ste_rainieri/Projects/mbo/react-native/mealstogo/functions/node_modules/firebase-admin/lib/index.js\"}}"}}
[debug] [2022-02-04T16:10:36.771Z] [runtime-status] [49747] Trigger "us-central1-geocode" has been found, beginning invocation! {"metadata":{"emulator":{"name":"functions"},"function":{"name":"us-central1-geocode"},"message":"[runtime-status] [49747] Trigger \"us-central1-geocode\" has been found, beginning invocation!"}}
[info] i  functions: Beginning execution of "us-central1-geocode" {"metadata":{"emulator":{"name":"functions"},"function":{"name":"us-central1-geocode"},"message":"Beginning execution of \"us-central1-geocode\""}}
[debug] [2022-02-04T16:10:36.772Z] [runtime-status] [49747] triggerDefinition {"httpsTrigger":{},"name":"geocode","entryPoint":"geocode","regions":["us-central1"],"region":"us-central1","id":"us-central1-geocode","platform":"gcfv1"} {"metadata":{"emulator":{"name":"functions"},"function":{"name":"us-central1-geocode"},"message":"[runtime-status] [49747] triggerDefinition {\"httpsTrigger\":{},\"name\":\"geocode\",\"entryPoint\":\"geocode\",\"regions\":[\"us-central1\"],\"region\":\"us-central1\",\"id\":\"us-central1-geocode\",\"platform\":\"gcfv1\"}"}}
[debug] [2022-02-04T16:10:36.772Z] [runtime-status] [49747] Running us-central1-geocode in signature http {"metadata":{"emulator":{"name":"functions"},"function":{"name":"us-central1-geocode"},"message":"[runtime-status] [49747] Running us-central1-geocode in signature http"}}
[debug] [2022-02-04T16:10:36.780Z] [runtime-status] [49747] Attempting to listen to socketPath: /var/folders/tj/ysp0__mx4578xc659wqmnt180000gn/T/fire_emu_49747.sock {"metadata":{"emulator":{"name":"functions"},"function":{"name":"us-central1-geocode"},"message":"[runtime-status] [49747] Attempting to listen to socketPath: /var/folders/tj/ysp0__mx4578xc659wqmnt180000gn/T/fire_emu_49747.sock"}}
[debug] [2022-02-04T16:10:36.782Z] [functions] Runtime ready! Sending request! {"metadata":{"emulator":{"name":"functions"},"message":"[functions] Runtime ready! Sending request!"}}
[debug] [2022-02-04T16:10:36.783Z] [functions] Got req.url=/mealstogo-bb2ea/us-central1/geocode?city=san%20francisco&mock=false, mapping to path=/?city=san%20francisco&mock=false {"metadata":{"emulator":{"name":"functions"},"message":"[functions] Got req.url=/mealstogo-bb2ea/us-central1/geocode?city=san%20francisco&mock=false, mapping to path=/?city=san%20francisco&mock=false"}}
[debug] [2022-02-04T16:10:36.789Z] [runtime-status] [49747] Ephemeral server handling GET request {"metadata":{"emulator":{"name":"functions"},"function":{"name":"us-central1-geocode"},"message":"[runtime-status] [49747] Ephemeral server handling GET request"}}
[debug] [2022-02-04T16:10:38.003Z] [runtime-status] [49747] Ephemeral server survived. {"metadata":{"emulator":{"name":"functions"},"function":{"name":"us-central1-geocode"},"message":"[runtime-status] [49747] Ephemeral server survived."}}
[info] i  functions: Finished "us-central1-geocode" in ~1s {"metadata":{"emulator":{"name":"functions"},"function":{"name":"us-central1-geocode"},"message":"Finished \"us-central1-geocode\" in ~1s"}}
[debug] [2022-02-04T16:10:38.005Z] [worker-us-central1-geocode-4c8c38c2-84ca-4b0c-a105-265b57475d28]: IDLE {"metadata":{"emulator":{"name":"functions"},"message":"[worker-us-central1-geocode-4c8c38c2-84ca-4b0c-a105-265b57475d28]: IDLE"}}
[debug] [2022-02-04T16:10:38.005Z] [work-queue] {"queueLength":0,"workRunningCount":0}
[debug] [2022-02-04T16:10:38.026Z] [work-queue] {"queueLength":1,"workRunningCount":0}
[debug] [2022-02-04T16:10:38.027Z] [work-queue] {"queueLength":0,"workRunningCount":1}
[debug] [2022-02-04T16:10:38.027Z] Accepted request GET /mealstogo-bb2ea/us-central1/places?location=37.7749295,-122.4194155&mock=false --> us-central1-places
[debug] [2022-02-04T16:10:38.033Z] [worker-pool] addWorker(us-central1-places) {"metadata":{"emulator":{"name":"functions"},"message":"[worker-pool] addWorker(us-central1-places)"}}
[debug] [2022-02-04T16:10:38.034Z] [worker-pool] Adding worker with key us-central1-places, total=1 {"metadata":{"emulator":{"name":"functions"},"message":"[worker-pool] Adding worker with key us-central1-places, total=1"}}
[debug] [2022-02-04T16:10:38.034Z] [worker-pool] submitWork(triggerId=us-central1-places) {"metadata":{"emulator":{"name":"functions"},"message":"[worker-pool] submitWork(triggerId=us-central1-places)"}}
[debug] [2022-02-04T16:10:38.035Z] [worker-us-central1-places-ce939bb2-3a68-457c-a696-691a1ae10316]: Assigning socketPath: /var/folders/tj/ysp0__mx4578xc659wqmnt180000gn/T/fire_emu_49748.sock {"metadata":{"emulator":{"name":"functions"},"message":"[worker-us-central1-places-ce939bb2-3a68-457c-a696-691a1ae10316]: Assigning socketPath: /var/folders/tj/ysp0__mx4578xc659wqmnt180000gn/T/fire_emu_49748.sock"}}
[debug] [2022-02-04T16:10:38.035Z] [worker-us-central1-places-ce939bb2-3a68-457c-a696-691a1ae10316]: BUSY {"metadata":{"emulator":{"name":"functions"},"message":"[worker-us-central1-places-ce939bb2-3a68-457c-a696-691a1ae10316]: BUSY"}}
[debug] [2022-02-04T16:10:38.190Z] [runtime-status] [49748] Functions runtime initialized. {"cwd":"/Users/ste_rainieri/Projects/mbo/react-native/mealstogo/functions","node_version":"14.18.1"} {"metadata":{"emulator":{"name":"functions"},"function":{"name":"us-central1-places"},"message":"[runtime-status] [49748] Functions runtime initialized. {\"cwd\":\"/Users/ste_rainieri/Projects/mbo/react-native/mealstogo/functions\",\"node_version\":\"14.18.1\"}"}}
[debug] [2022-02-04T16:10:38.191Z] [runtime-status] [49748] Disabled runtime features: undefined {"metadata":{"emulator":{"name":"functions"},"function":{"name":"us-central1-places"},"message":"[runtime-status] [49748] Disabled runtime features: undefined"}}
[debug] [2022-02-04T16:10:38.195Z] [runtime-status] [49748] Resolved module firebase-admin {"declared":true,"installed":true,"version":"9.12.0","resolution":"/Users/ste_rainieri/Projects/mbo/react-native/mealstogo/functions/node_modules/firebase-admin/lib/index.js"} {"metadata":{"emulator":{"name":"functions"},"function":{"name":"us-central1-places"},"message":"[runtime-status] [49748] Resolved module firebase-admin {\"declared\":true,\"installed\":true,\"version\":\"9.12.0\",\"resolution\":\"/Users/ste_rainieri/Projects/mbo/react-native/mealstogo/functions/node_modules/firebase-admin/lib/index.js\"}"}}
[debug] [2022-02-04T16:10:38.198Z] [runtime-status] [49748] Resolved module firebase-functions {"declared":true,"installed":true,"version":"3.16.0","resolution":"/Users/ste_rainieri/Projects/mbo/react-native/mealstogo/functions/node_modules/firebase-functions/lib/index.js"} {"metadata":{"emulator":{"name":"functions"},"function":{"name":"us-central1-places"},"message":"[runtime-status] [49748] Resolved module firebase-functions {\"declared\":true,\"installed\":true,\"version\":\"3.16.0\",\"resolution\":\"/Users/ste_rainieri/Projects/mbo/react-native/mealstogo/functions/node_modules/firebase-functions/lib/index.js\"}"}}
[debug] [2022-02-04T16:10:38.198Z] [runtime-status] [49748] Found local functions config: /Users/ste_rainieri/Projects/mbo/react-native/mealstogo/functions/.runtimeconfig.json {"metadata":{"emulator":{"name":"functions"},"function":{"name":"us-central1-places"},"message":"[runtime-status] [49748] Found local functions config: /Users/ste_rainieri/Projects/mbo/react-native/mealstogo/functions/.runtimeconfig.json"}}
[debug] [2022-02-04T16:10:38.200Z] [runtime-status] [49748] Outgoing network have been stubbed. [{"name":"http","status":"mocked"},{"name":"http","status":"mocked"},{"name":"https","status":"mocked"},{"name":"https","status":"mocked"},{"name":"net","status":"mocked"}] {"metadata":{"emulator":{"name":"functions"},"function":{"name":"us-central1-places"},"message":"[runtime-status] [49748] Outgoing network have been stubbed. [{\"name\":\"http\",\"status\":\"mocked\"},{\"name\":\"http\",\"status\":\"mocked\"},{\"name\":\"https\",\"status\":\"mocked\"},{\"name\":\"https\",\"status\":\"mocked\"},{\"name\":\"net\",\"status\":\"mocked\"}]"}}
[debug] [2022-02-04T16:10:38.201Z] [runtime-status] [49748] Resolved module firebase-functions {"declared":true,"installed":true,"version":"3.16.0","resolution":"/Users/ste_rainieri/Projects/mbo/react-native/mealstogo/functions/node_modules/firebase-functions/lib/index.js"} {"metadata":{"emulator":{"name":"functions"},"function":{"name":"us-central1-places"},"message":"[runtime-status] [49748] Resolved module firebase-functions {\"declared\":true,\"installed\":true,\"version\":\"3.16.0\",\"resolution\":\"/Users/ste_rainieri/Projects/mbo/react-native/mealstogo/functions/node_modules/firebase-functions/lib/index.js\"}"}}
[debug] [2022-02-04T16:10:38.240Z] [runtime-status] [49748] Checked functions.config() {"config":{"google":{"key":"AIzaSyAmcZo9-NU8eZa463SyYKwbpW3fyGp41Uw"}}} {"metadata":{"emulator":{"name":"functions"},"function":{"name":"us-central1-places"},"message":"[runtime-status] [49748] Checked functions.config() {\"config\":{\"google\":{\"key\":\"AIzaSyAmcZo9-NU8eZa463SyYKwbpW3fyGp41Uw\"}}}"}}
[debug] [2022-02-04T16:10:38.240Z] [runtime-status] [49748] firebase-functions has been stubbed. {"functionsResolution":{"declared":true,"installed":true,"version":"3.16.0","resolution":"/Users/ste_rainieri/Projects/mbo/react-native/mealstogo/functions/node_modules/firebase-functions/lib/index.js"}} {"metadata":{"emulator":{"name":"functions"},"function":{"name":"us-central1-places"},"message":"[runtime-status] [49748] firebase-functions has been stubbed. {\"functionsResolution\":{\"declared\":true,\"installed\":true,\"version\":\"3.16.0\",\"resolution\":\"/Users/ste_rainieri/Projects/mbo/react-native/mealstogo/functions/node_modules/firebase-functions/lib/index.js\"}}"}}
[debug] [2022-02-04T16:10:38.240Z] [runtime-status] [49748] Resolved module firebase-functions {"declared":true,"installed":true,"version":"3.16.0","resolution":"/Users/ste_rainieri/Projects/mbo/react-native/mealstogo/functions/node_modules/firebase-functions/lib/index.js"} {"metadata":{"emulator":{"name":"functions"},"function":{"name":"us-central1-places"},"message":"[runtime-status] [49748] Resolved module firebase-functions {\"declared\":true,\"installed\":true,\"version\":\"3.16.0\",\"resolution\":\"/Users/ste_rainieri/Projects/mbo/react-native/mealstogo/functions/node_modules/firebase-functions/lib/index.js\"}"}}
[debug] [2022-02-04T16:10:38.241Z] [runtime-status] [49748] Resolved module firebase-admin {"declared":true,"installed":true,"version":"9.12.0","resolution":"/Users/ste_rainieri/Projects/mbo/react-native/mealstogo/functions/node_modules/firebase-admin/lib/index.js"} {"metadata":{"emulator":{"name":"functions"},"function":{"name":"us-central1-places"},"message":"[runtime-status] [49748] Resolved module firebase-admin {\"declared\":true,\"installed\":true,\"version\":\"9.12.0\",\"resolution\":\"/Users/ste_rainieri/Projects/mbo/react-native/mealstogo/functions/node_modules/firebase-admin/lib/index.js\"}"}}
[debug] [2022-02-04T16:10:38.242Z] [runtime-status] [49748] Resolved module firebase-functions {"declared":true,"installed":true,"version":"3.16.0","resolution":"/Users/ste_rainieri/Projects/mbo/react-native/mealstogo/functions/node_modules/firebase-functions/lib/index.js"} {"metadata":{"emulator":{"name":"functions"},"function":{"name":"us-central1-places"},"message":"[runtime-status] [49748] Resolved module firebase-functions {\"declared\":true,\"installed\":true,\"version\":\"3.16.0\",\"resolution\":\"/Users/ste_rainieri/Projects/mbo/react-native/mealstogo/functions/node_modules/firebase-functions/lib/index.js\"}"}}
[debug] [2022-02-04T16:10:38.242Z] [runtime-status] [49748] firebase-admin has been stubbed. {"adminResolution":{"declared":true,"installed":true,"version":"9.12.0","resolution":"/Users/ste_rainieri/Projects/mbo/react-native/mealstogo/functions/node_modules/firebase-admin/lib/index.js"}} {"metadata":{"emulator":{"name":"functions"},"function":{"name":"us-central1-places"},"message":"[runtime-status] [49748] firebase-admin has been stubbed. {\"adminResolution\":{\"declared\":true,\"installed\":true,\"version\":\"9.12.0\",\"resolution\":\"/Users/ste_rainieri/Projects/mbo/react-native/mealstogo/functions/node_modules/firebase-admin/lib/index.js\"}}"}}
[debug] [2022-02-04T16:10:38.302Z] [runtime-status] [49748] Trigger "us-central1-places" has been found, beginning invocation! {"metadata":{"emulator":{"name":"functions"},"function":{"name":"us-central1-places"},"message":"[runtime-status] [49748] Trigger \"us-central1-places\" has been found, beginning invocation!"}}
[info] i  functions: Beginning execution of "us-central1-places" {"metadata":{"emulator":{"name":"functions"},"function":{"name":"us-central1-places"},"message":"Beginning execution of \"us-central1-places\""}}
[debug] [2022-02-04T16:10:38.303Z] [runtime-status] [49748] triggerDefinition {"httpsTrigger":{},"name":"places","entryPoint":"places","regions":["us-central1"],"region":"us-central1","id":"us-central1-places","platform":"gcfv1"} {"metadata":{"emulator":{"name":"functions"},"function":{"name":"us-central1-places"},"message":"[runtime-status] [49748] triggerDefinition {\"httpsTrigger\":{},\"name\":\"places\",\"entryPoint\":\"places\",\"regions\":[\"us-central1\"],\"region\":\"us-central1\",\"id\":\"us-central1-places\",\"platform\":\"gcfv1\"}"}}
[debug] [2022-02-04T16:10:38.303Z] [runtime-status] [49748] Running us-central1-places in signature http {"metadata":{"emulator":{"name":"functions"},"function":{"name":"us-central1-places"},"message":"[runtime-status] [49748] Running us-central1-places in signature http"}}
[debug] [2022-02-04T16:10:38.308Z] [runtime-status] [49748] Attempting to listen to socketPath: /var/folders/tj/ysp0__mx4578xc659wqmnt180000gn/T/fire_emu_49748.sock {"metadata":{"emulator":{"name":"functions"},"function":{"name":"us-central1-places"},"message":"[runtime-status] [49748] Attempting to listen to socketPath: /var/folders/tj/ysp0__mx4578xc659wqmnt180000gn/T/fire_emu_49748.sock"}}
[debug] [2022-02-04T16:10:38.311Z] [functions] Runtime ready! Sending request! {"metadata":{"emulator":{"name":"functions"},"message":"[functions] Runtime ready! Sending request!"}}
[debug] [2022-02-04T16:10:38.312Z] [functions] Got req.url=/mealstogo-bb2ea/us-central1/places?location=37.7749295,-122.4194155&mock=false, mapping to path=/?location=37.7749295,-122.4194155&mock=false {"metadata":{"emulator":{"name":"functions"},"message":"[functions] Got req.url=/mealstogo-bb2ea/us-central1/places?location=37.7749295,-122.4194155&mock=false, mapping to path=/?location=37.7749295,-122.4194155&mock=false"}}
[debug] [2022-02-04T16:10:38.319Z] [runtime-status] [49748] Ephemeral server handling GET request {"metadata":{"emulator":{"name":"functions"},"function":{"name":"us-central1-places"},"message":"[runtime-status] [49748] Ephemeral server handling GET request"}}
[debug] [2022-02-04T16:10:38.819Z] [runtime-status] [49748] Ephemeral server survived. {"metadata":{"emulator":{"name":"functions"},"function":{"name":"us-central1-places"},"message":"[runtime-status] [49748] Ephemeral server survived."}}
[info] i  functions: Finished "us-central1-places" in ~1s {"metadata":{"emulator":{"name":"functions"},"function":{"name":"us-central1-places"},"message":"Finished \"us-central1-places\" in ~1s"}}
[debug] [2022-02-04T16:10:38.822Z] [worker-us-central1-places-ce939bb2-3a68-457c-a696-691a1ae10316]: IDLE {"metadata":{"emulator":{"name":"functions"},"message":"[worker-us-central1-places-ce939bb2-3a68-457c-a696-691a1ae10316]: IDLE"}}
[debug] [2022-02-04T16:10:38.822Z] [work-queue] {"queueLength":0,"workRunningCount":0}
[debug] [2022-02-04T16:16:25.944Z] [work-queue] {"queueLength":1,"workRunningCount":0}
[debug] [2022-02-04T16:16:25.945Z] [work-queue] {"queueLength":0,"workRunningCount":1}
[debug] [2022-02-04T16:16:25.945Z] Accepted request GET /mealstogo-bb2ea/us-central1/geocode?city=san%20francisco&mock=false --> us-central1-geocode
[debug] [2022-02-04T16:16:25.946Z] [worker-pool] submitWork(triggerId=us-central1-geocode) {"metadata":{"emulator":{"name":"functions"},"message":"[worker-pool] submitWork(triggerId=us-central1-geocode)"}}
[debug] [2022-02-04T16:16:25.946Z] [worker-us-central1-geocode-4c8c38c2-84ca-4b0c-a105-265b57475d28]: Assigning socketPath: /var/folders/tj/ysp0__mx4578xc659wqmnt180000gn/T/fire_emu_49747.sock {"metadata":{"emulator":{"name":"functions"},"message":"[worker-us-central1-geocode-4c8c38c2-84ca-4b0c-a105-265b57475d28]: Assigning socketPath: /var/folders/tj/ysp0__mx4578xc659wqmnt180000gn/T/fire_emu_49747.sock"}}
[debug] [2022-02-04T16:16:25.946Z] [worker-us-central1-geocode-4c8c38c2-84ca-4b0c-a105-265b57475d28]: BUSY {"metadata":{"emulator":{"name":"functions"},"message":"[worker-us-central1-geocode-4c8c38c2-84ca-4b0c-a105-265b57475d28]: BUSY"}}
[debug] [2022-02-04T16:16:25.948Z] [runtime-status] [49747] Trigger "us-central1-geocode" has been found, beginning invocation! {"metadata":{"emulator":{"name":"functions"},"function":{"name":"us-central1-geocode"},"message":"[runtime-status] [49747] Trigger \"us-central1-geocode\" has been found, beginning invocation!"}}
[info] i  functions: Beginning execution of "us-central1-geocode" {"metadata":{"emulator":{"name":"functions"},"function":{"name":"us-central1-geocode"},"message":"Beginning execution of \"us-central1-geocode\""}}
[debug] [2022-02-04T16:16:25.949Z] [runtime-status] [49747] triggerDefinition {"httpsTrigger":{},"name":"geocode","entryPoint":"geocode","regions":["us-central1"],"region":"us-central1","id":"us-central1-geocode","platform":"gcfv1"} {"metadata":{"emulator":{"name":"functions"},"function":{"name":"us-central1-geocode"},"message":"[runtime-status] [49747] triggerDefinition {\"httpsTrigger\":{},\"name\":\"geocode\",\"entryPoint\":\"geocode\",\"regions\":[\"us-central1\"],\"region\":\"us-central1\",\"id\":\"us-central1-geocode\",\"platform\":\"gcfv1\"}"}}
[debug] [2022-02-04T16:16:25.949Z] [runtime-status] [49747] Running us-central1-geocode in signature http {"metadata":{"emulator":{"name":"functions"},"function":{"name":"us-central1-geocode"},"message":"[runtime-status] [49747] Running us-central1-geocode in signature http"}}
[debug] [2022-02-04T16:16:25.950Z] [runtime-status] [49747] Attempting to listen to socketPath: /var/folders/tj/ysp0__mx4578xc659wqmnt180000gn/T/fire_emu_49747.sock {"metadata":{"emulator":{"name":"functions"},"function":{"name":"us-central1-geocode"},"message":"[runtime-status] [49747] Attempting to listen to socketPath: /var/folders/tj/ysp0__mx4578xc659wqmnt180000gn/T/fire_emu_49747.sock"}}
[debug] [2022-02-04T16:16:25.952Z] [functions] Runtime ready! Sending request! {"metadata":{"emulator":{"name":"functions"},"message":"[functions] Runtime ready! Sending request!"}}
[debug] [2022-02-04T16:16:25.953Z] [functions] Got req.url=/mealstogo-bb2ea/us-central1/geocode?city=san%20francisco&mock=false, mapping to path=/?city=san%20francisco&mock=false {"metadata":{"emulator":{"name":"functions"},"message":"[functions] Got req.url=/mealstogo-bb2ea/us-central1/geocode?city=san%20francisco&mock=false, mapping to path=/?city=san%20francisco&mock=false"}}
[debug] [2022-02-04T16:16:25.956Z] [runtime-status] [49747] Ephemeral server handling GET request {"metadata":{"emulator":{"name":"functions"},"function":{"name":"us-central1-geocode"},"message":"[runtime-status] [49747] Ephemeral server handling GET request"}}
[debug] [2022-02-04T16:16:26.296Z] [runtime-status] [49747] Ephemeral server survived. {"metadata":{"emulator":{"name":"functions"},"function":{"name":"us-central1-geocode"},"message":"[runtime-status] [49747] Ephemeral server survived."}}
[info] i  functions: Finished "us-central1-geocode" in ~1s {"metadata":{"emulator":{"name":"functions"},"function":{"name":"us-central1-geocode"},"message":"Finished \"us-central1-geocode\" in ~1s"}}
[debug] [2022-02-04T16:16:26.297Z] [worker-us-central1-geocode-4c8c38c2-84ca-4b0c-a105-265b57475d28]: IDLE {"metadata":{"emulator":{"name":"functions"},"message":"[worker-us-central1-geocode-4c8c38c2-84ca-4b0c-a105-265b57475d28]: IDLE"}}
[debug] [2022-02-04T16:16:26.297Z] [work-queue] {"queueLength":0,"workRunningCount":0}
[debug] [2022-02-04T16:16:26.317Z] [work-queue] {"queueLength":1,"workRunningCount":0}
[debug] [2022-02-04T16:16:26.317Z] [work-queue] {"queueLength":0,"workRunningCount":1}
[debug] [2022-02-04T16:16:26.317Z] Accepted request GET /mealstogo-bb2ea/us-central1/places?location=37.7749295,-122.4194155&mock=false --> us-central1-places
[debug] [2022-02-04T16:16:26.318Z] [worker-pool] submitWork(triggerId=us-central1-places) {"metadata":{"emulator":{"name":"functions"},"message":"[worker-pool] submitWork(triggerId=us-central1-places)"}}
[debug] [2022-02-04T16:16:26.318Z] [worker-us-central1-places-ce939bb2-3a68-457c-a696-691a1ae10316]: Assigning socketPath: /var/folders/tj/ysp0__mx4578xc659wqmnt180000gn/T/fire_emu_49748.sock {"metadata":{"emulator":{"name":"functions"},"message":"[worker-us-central1-places-ce939bb2-3a68-457c-a696-691a1ae10316]: Assigning socketPath: /var/folders/tj/ysp0__mx4578xc659wqmnt180000gn/T/fire_emu_49748.sock"}}
[debug] [2022-02-04T16:16:26.318Z] [worker-us-central1-places-ce939bb2-3a68-457c-a696-691a1ae10316]: BUSY {"metadata":{"emulator":{"name":"functions"},"message":"[worker-us-central1-places-ce939bb2-3a68-457c-a696-691a1ae10316]: BUSY"}}
[debug] [2022-02-04T16:16:26.319Z] [runtime-status] [49748] Trigger "us-central1-places" has been found, beginning invocation! {"metadata":{"emulator":{"name":"functions"},"function":{"name":"us-central1-places"},"message":"[runtime-status] [49748] Trigger \"us-central1-places\" has been found, beginning invocation!"}}
[info] i  functions: Beginning execution of "us-central1-places" {"metadata":{"emulator":{"name":"functions"},"function":{"name":"us-central1-places"},"message":"Beginning execution of \"us-central1-places\""}}
[debug] [2022-02-04T16:16:26.319Z] [runtime-status] [49748] triggerDefinition {"httpsTrigger":{},"name":"places","entryPoint":"places","regions":["us-central1"],"region":"us-central1","id":"us-central1-places","platform":"gcfv1"} {"metadata":{"emulator":{"name":"functions"},"function":{"name":"us-central1-places"},"message":"[runtime-status] [49748] triggerDefinition {\"httpsTrigger\":{},\"name\":\"places\",\"entryPoint\":\"places\",\"regions\":[\"us-central1\"],\"region\":\"us-central1\",\"id\":\"us-central1-places\",\"platform\":\"gcfv1\"}"}}
[debug] [2022-02-04T16:16:26.319Z] [runtime-status] [49748] Running us-central1-places in signature http {"metadata":{"emulator":{"name":"functions"},"function":{"name":"us-central1-places"},"message":"[runtime-status] [49748] Running us-central1-places in signature http"}}
[debug] [2022-02-04T16:16:26.320Z] [runtime-status] [49748] Attempting to listen to socketPath: /var/folders/tj/ysp0__mx4578xc659wqmnt180000gn/T/fire_emu_49748.sock {"metadata":{"emulator":{"name":"functions"},"function":{"name":"us-central1-places"},"message":"[runtime-status] [49748] Attempting to listen to socketPath: /var/folders/tj/ysp0__mx4578xc659wqmnt180000gn/T/fire_emu_49748.sock"}}
[debug] [2022-02-04T16:16:26.320Z] [functions] Runtime ready! Sending request! {"metadata":{"emulator":{"name":"functions"},"message":"[functions] Runtime ready! Sending request!"}}
[debug] [2022-02-04T16:16:26.321Z] [functions] Got req.url=/mealstogo-bb2ea/us-central1/places?location=37.7749295,-122.4194155&mock=false, mapping to path=/?location=37.7749295,-122.4194155&mock=false {"metadata":{"emulator":{"name":"functions"},"message":"[functions] Got req.url=/mealstogo-bb2ea/us-central1/places?location=37.7749295,-122.4194155&mock=false, mapping to path=/?location=37.7749295,-122.4194155&mock=false"}}
[debug] [2022-02-04T16:16:26.322Z] [runtime-status] [49748] Ephemeral server handling GET request {"metadata":{"emulator":{"name":"functions"},"function":{"name":"us-central1-places"},"message":"[runtime-status] [49748] Ephemeral server handling GET request"}}
[debug] [2022-02-04T16:16:26.746Z] [runtime-status] [49748] Ephemeral server survived. {"metadata":{"emulator":{"name":"functions"},"function":{"name":"us-central1-places"},"message":"[runtime-status] [49748] Ephemeral server survived."}}
[info] i  functions: Finished "us-central1-places" in ~1s {"metadata":{"emulator":{"name":"functions"},"function":{"name":"us-central1-places"},"message":"Finished \"us-central1-places\" in ~1s"}}
[debug] [2022-02-04T16:16:26.748Z] [worker-us-central1-places-ce939bb2-3a68-457c-a696-691a1ae10316]: IDLE {"metadata":{"emulator":{"name":"functions"},"message":"[worker-us-central1-places-ce939bb2-3a68-457c-a696-691a1ae10316]: IDLE"}}
[debug] [2022-02-04T16:16:26.748Z] [work-queue] {"queueLength":0,"workRunningCount":0}
[debug] [2022-02-04T16:34:54.292Z] [work-queue] {"queueLength":1,"workRunningCount":0}
[debug] [2022-02-04T16:34:54.293Z] [work-queue] {"queueLength":0,"workRunningCount":1}
[debug] [2022-02-04T16:34:54.293Z] Accepted request GET /mealstogo-bb2ea/us-central1/geocode?city=san%20francisco&mock=false --> us-central1-geocode
[debug] [2022-02-04T16:34:54.293Z] [worker-pool] submitWork(triggerId=us-central1-geocode) {"metadata":{"emulator":{"name":"functions"},"message":"[worker-pool] submitWork(triggerId=us-central1-geocode)"}}
[debug] [2022-02-04T16:34:54.294Z] [worker-us-central1-geocode-4c8c38c2-84ca-4b0c-a105-265b57475d28]: Assigning socketPath: /var/folders/tj/ysp0__mx4578xc659wqmnt180000gn/T/fire_emu_49747.sock {"metadata":{"emulator":{"name":"functions"},"message":"[worker-us-central1-geocode-4c8c38c2-84ca-4b0c-a105-265b57475d28]: Assigning socketPath: /var/folders/tj/ysp0__mx4578xc659wqmnt180000gn/T/fire_emu_49747.sock"}}
[debug] [2022-02-04T16:34:54.294Z] [worker-us-central1-geocode-4c8c38c2-84ca-4b0c-a105-265b57475d28]: BUSY {"metadata":{"emulator":{"name":"functions"},"message":"[worker-us-central1-geocode-4c8c38c2-84ca-4b0c-a105-265b57475d28]: BUSY"}}
[debug] [2022-02-04T16:34:54.294Z] [runtime-status] [49747] Trigger "us-central1-geocode" has been found, beginning invocation! {"metadata":{"emulator":{"name":"functions"},"function":{"name":"us-central1-geocode"},"message":"[runtime-status] [49747] Trigger \"us-central1-geocode\" has been found, beginning invocation!"}}
[info] i  functions: Beginning execution of "us-central1-geocode" {"metadata":{"emulator":{"name":"functions"},"function":{"name":"us-central1-geocode"},"message":"Beginning execution of \"us-central1-geocode\""}}
[debug] [2022-02-04T16:34:54.296Z] [runtime-status] [49747] triggerDefinition {"httpsTrigger":{},"name":"geocode","entryPoint":"geocode","regions":["us-central1"],"region":"us-central1","id":"us-central1-geocode","platform":"gcfv1"} {"metadata":{"emulator":{"name":"functions"},"function":{"name":"us-central1-geocode"},"message":"[runtime-status] [49747] triggerDefinition {\"httpsTrigger\":{},\"name\":\"geocode\",\"entryPoint\":\"geocode\",\"regions\":[\"us-central1\"],\"region\":\"us-central1\",\"id\":\"us-central1-geocode\",\"platform\":\"gcfv1\"}"}}
[debug] [2022-02-04T16:34:54.296Z] [runtime-status] [49747] Running us-central1-geocode in signature http {"metadata":{"emulator":{"name":"functions"},"function":{"name":"us-central1-geocode"},"message":"[runtime-status] [49747] Running us-central1-geocode in signature http"}}
[debug] [2022-02-04T16:34:54.297Z] [runtime-status] [49747] Attempting to listen to socketPath: /var/folders/tj/ysp0__mx4578xc659wqmnt180000gn/T/fire_emu_49747.sock {"metadata":{"emulator":{"name":"functions"},"function":{"name":"us-central1-geocode"},"message":"[runtime-status] [49747] Attempting to listen to socketPath: /var/folders/tj/ysp0__mx4578xc659wqmnt180000gn/T/fire_emu_49747.sock"}}
[debug] [2022-02-04T16:34:54.298Z] [functions] Runtime ready! Sending request! {"metadata":{"emulator":{"name":"functions"},"message":"[functions] Runtime ready! Sending request!"}}
[debug] [2022-02-04T16:34:54.298Z] [functions] Got req.url=/mealstogo-bb2ea/us-central1/geocode?city=san%20francisco&mock=false, mapping to path=/?city=san%20francisco&mock=false {"metadata":{"emulator":{"name":"functions"},"message":"[functions] Got req.url=/mealstogo-bb2ea/us-central1/geocode?city=san%20francisco&mock=false, mapping to path=/?city=san%20francisco&mock=false"}}
[debug] [2022-02-04T16:34:54.300Z] [runtime-status] [49747] Ephemeral server handling GET request {"metadata":{"emulator":{"name":"functions"},"function":{"name":"us-central1-geocode"},"message":"[runtime-status] [49747] Ephemeral server handling GET request"}}
[debug] [2022-02-04T16:34:55.349Z] [runtime-status] [49747] Ephemeral server survived. {"metadata":{"emulator":{"name":"functions"},"function":{"name":"us-central1-geocode"},"message":"[runtime-status] [49747] Ephemeral server survived."}}
[info] i  functions: Finished "us-central1-geocode" in ~1s {"metadata":{"emulator":{"name":"functions"},"function":{"name":"us-central1-geocode"},"message":"Finished \"us-central1-geocode\" in ~1s"}}
[debug] [2022-02-04T16:34:55.350Z] [worker-us-central1-geocode-4c8c38c2-84ca-4b0c-a105-265b57475d28]: IDLE {"metadata":{"emulator":{"name":"functions"},"message":"[worker-us-central1-geocode-4c8c38c2-84ca-4b0c-a105-265b57475d28]: IDLE"}}
[debug] [2022-02-04T16:34:55.350Z] [work-queue] {"queueLength":0,"workRunningCount":0}
[debug] [2022-02-04T16:34:55.369Z] [work-queue] {"queueLength":1,"workRunningCount":0}
[debug] [2022-02-04T16:34:55.369Z] [work-queue] {"queueLength":0,"workRunningCount":1}
[debug] [2022-02-04T16:34:55.369Z] Accepted request GET /mealstogo-bb2ea/us-central1/places?location=37.7749295,-122.4194155&mock=false --> us-central1-places
[debug] [2022-02-04T16:34:55.369Z] [worker-pool] submitWork(triggerId=us-central1-places) {"metadata":{"emulator":{"name":"functions"},"message":"[worker-pool] submitWork(triggerId=us-central1-places)"}}
[debug] [2022-02-04T16:34:55.369Z] [worker-us-central1-places-ce939bb2-3a68-457c-a696-691a1ae10316]: Assigning socketPath: /var/folders/tj/ysp0__mx4578xc659wqmnt180000gn/T/fire_emu_49748.sock {"metadata":{"emulator":{"name":"functions"},"message":"[worker-us-central1-places-ce939bb2-3a68-457c-a696-691a1ae10316]: Assigning socketPath: /var/folders/tj/ysp0__mx4578xc659wqmnt180000gn/T/fire_emu_49748.sock"}}
[debug] [2022-02-04T16:34:55.369Z] [worker-us-central1-places-ce939bb2-3a68-457c-a696-691a1ae10316]: BUSY {"metadata":{"emulator":{"name":"functions"},"message":"[worker-us-central1-places-ce939bb2-3a68-457c-a696-691a1ae10316]: BUSY"}}
[debug] [2022-02-04T16:34:55.370Z] [runtime-status] [49748] Trigger "us-central1-places" has been found, beginning invocation! {"metadata":{"emulator":{"name":"functions"},"function":{"name":"us-central1-places"},"message":"[runtime-status] [49748] Trigger \"us-central1-places\" has been found, beginning invocation!"}}
[info] i  functions: Beginning execution of "us-central1-places" {"metadata":{"emulator":{"name":"functions"},"function":{"name":"us-central1-places"},"message":"Beginning execution of \"us-central1-places\""}}
[debug] [2022-02-04T16:34:55.370Z] [runtime-status] [49748] triggerDefinition {"httpsTrigger":{},"name":"places","entryPoint":"places","regions":["us-central1"],"region":"us-central1","id":"us-central1-places","platform":"gcfv1"} {"metadata":{"emulator":{"name":"functions"},"function":{"name":"us-central1-places"},"message":"[runtime-status] [49748] triggerDefinition {\"httpsTrigger\":{},\"name\":\"places\",\"entryPoint\":\"places\",\"regions\":[\"us-central1\"],\"region\":\"us-central1\",\"id\":\"us-central1-places\",\"platform\":\"gcfv1\"}"}}
[debug] [2022-02-04T16:34:55.371Z] [runtime-status] [49748] Running us-central1-places in signature http {"metadata":{"emulator":{"name":"functions"},"function":{"name":"us-central1-places"},"message":"[runtime-status] [49748] Running us-central1-places in signature http"}}
[debug] [2022-02-04T16:34:55.371Z] [runtime-status] [49748] Attempting to listen to socketPath: /var/folders/tj/ysp0__mx4578xc659wqmnt180000gn/T/fire_emu_49748.sock {"metadata":{"emulator":{"name":"functions"},"function":{"name":"us-central1-places"},"message":"[runtime-status] [49748] Attempting to listen to socketPath: /var/folders/tj/ysp0__mx4578xc659wqmnt180000gn/T/fire_emu_49748.sock"}}
[debug] [2022-02-04T16:34:55.371Z] [functions] Runtime ready! Sending request! {"metadata":{"emulator":{"name":"functions"},"message":"[functions] Runtime ready! Sending request!"}}
[debug] [2022-02-04T16:34:55.372Z] [functions] Got req.url=/mealstogo-bb2ea/us-central1/places?location=37.7749295,-122.4194155&mock=false, mapping to path=/?location=37.7749295,-122.4194155&mock=false {"metadata":{"emulator":{"name":"functions"},"message":"[functions] Got req.url=/mealstogo-bb2ea/us-central1/places?location=37.7749295,-122.4194155&mock=false, mapping to path=/?location=37.7749295,-122.4194155&mock=false"}}
[debug] [2022-02-04T16:34:55.373Z] [runtime-status] [49748] Ephemeral server handling GET request {"metadata":{"emulator":{"name":"functions"},"function":{"name":"us-central1-places"},"message":"[runtime-status] [49748] Ephemeral server handling GET request"}}
[debug] [2022-02-04T16:34:55.918Z] [runtime-status] [49748] Ephemeral server survived. {"metadata":{"emulator":{"name":"functions"},"function":{"name":"us-central1-places"},"message":"[runtime-status] [49748] Ephemeral server survived."}}
[info] i  functions: Finished "us-central1-places" in ~1s {"metadata":{"emulator":{"name":"functions"},"function":{"name":"us-central1-places"},"message":"Finished \"us-central1-places\" in ~1s"}}
[debug] [2022-02-04T16:34:55.921Z] [worker-us-central1-places-ce939bb2-3a68-457c-a696-691a1ae10316]: IDLE {"metadata":{"emulator":{"name":"functions"},"message":"[worker-us-central1-places-ce939bb2-3a68-457c-a696-691a1ae10316]: IDLE"}}
[debug] [2022-02-04T16:34:55.921Z] [work-queue] {"queueLength":0,"workRunningCount":0}
[debug] [2022-02-04T16:37:14.968Z] [work-queue] {"queueLength":1,"workRunningCount":0}
[debug] [2022-02-04T16:37:14.969Z] [work-queue] {"queueLength":0,"workRunningCount":1}
[debug] [2022-02-04T16:37:14.969Z] Accepted request GET /mealstogo-bb2ea/us-central1/geocode?city=san%20francisco&mock=false --> us-central1-geocode
[debug] [2022-02-04T16:37:14.969Z] [worker-pool] submitWork(triggerId=us-central1-geocode) {"metadata":{"emulator":{"name":"functions"},"message":"[worker-pool] submitWork(triggerId=us-central1-geocode)"}}
[debug] [2022-02-04T16:37:14.969Z] [worker-us-central1-geocode-4c8c38c2-84ca-4b0c-a105-265b57475d28]: Assigning socketPath: /var/folders/tj/ysp0__mx4578xc659wqmnt180000gn/T/fire_emu_49747.sock {"metadata":{"emulator":{"name":"functions"},"message":"[worker-us-central1-geocode-4c8c38c2-84ca-4b0c-a105-265b57475d28]: Assigning socketPath: /var/folders/tj/ysp0__mx4578xc659wqmnt180000gn/T/fire_emu_49747.sock"}}
[debug] [2022-02-04T16:37:14.970Z] [worker-us-central1-geocode-4c8c38c2-84ca-4b0c-a105-265b57475d28]: BUSY {"metadata":{"emulator":{"name":"functions"},"message":"[worker-us-central1-geocode-4c8c38c2-84ca-4b0c-a105-265b57475d28]: BUSY"}}
[debug] [2022-02-04T16:37:14.970Z] [runtime-status] [49747] Trigger "us-central1-geocode" has been found, beginning invocation! {"metadata":{"emulator":{"name":"functions"},"function":{"name":"us-central1-geocode"},"message":"[runtime-status] [49747] Trigger \"us-central1-geocode\" has been found, beginning invocation!"}}
[info] i  functions: Beginning execution of "us-central1-geocode" {"metadata":{"emulator":{"name":"functions"},"function":{"name":"us-central1-geocode"},"message":"Beginning execution of \"us-central1-geocode\""}}
[debug] [2022-02-04T16:37:14.971Z] [runtime-status] [49747] triggerDefinition {"httpsTrigger":{},"name":"geocode","entryPoint":"geocode","regions":["us-central1"],"region":"us-central1","id":"us-central1-geocode","platform":"gcfv1"} {"metadata":{"emulator":{"name":"functions"},"function":{"name":"us-central1-geocode"},"message":"[runtime-status] [49747] triggerDefinition {\"httpsTrigger\":{},\"name\":\"geocode\",\"entryPoint\":\"geocode\",\"regions\":[\"us-central1\"],\"region\":\"us-central1\",\"id\":\"us-central1-geocode\",\"platform\":\"gcfv1\"}"}}
[debug] [2022-02-04T16:37:14.971Z] [runtime-status] [49747] Running us-central1-geocode in signature http {"metadata":{"emulator":{"name":"functions"},"function":{"name":"us-central1-geocode"},"message":"[runtime-status] [49747] Running us-central1-geocode in signature http"}}
[debug] [2022-02-04T16:37:14.971Z] [runtime-status] [49747] Attempting to listen to socketPath: /var/folders/tj/ysp0__mx4578xc659wqmnt180000gn/T/fire_emu_49747.sock {"metadata":{"emulator":{"name":"functions"},"function":{"name":"us-central1-geocode"},"message":"[runtime-status] [49747] Attempting to listen to socketPath: /var/folders/tj/ysp0__mx4578xc659wqmnt180000gn/T/fire_emu_49747.sock"}}
[debug] [2022-02-04T16:37:14.973Z] [functions] Runtime ready! Sending request! {"metadata":{"emulator":{"name":"functions"},"message":"[functions] Runtime ready! Sending request!"}}
[debug] [2022-02-04T16:37:14.973Z] [functions] Got req.url=/mealstogo-bb2ea/us-central1/geocode?city=san%20francisco&mock=false, mapping to path=/?city=san%20francisco&mock=false {"metadata":{"emulator":{"name":"functions"},"message":"[functions] Got req.url=/mealstogo-bb2ea/us-central1/geocode?city=san%20francisco&mock=false, mapping to path=/?city=san%20francisco&mock=false"}}
[debug] [2022-02-04T16:37:14.974Z] [runtime-status] [49747] Ephemeral server handling GET request {"metadata":{"emulator":{"name":"functions"},"function":{"name":"us-central1-geocode"},"message":"[runtime-status] [49747] Ephemeral server handling GET request"}}
[debug] [2022-02-04T16:37:15.399Z] [runtime-status] [49747] Ephemeral server survived. {"metadata":{"emulator":{"name":"functions"},"function":{"name":"us-central1-geocode"},"message":"[runtime-status] [49747] Ephemeral server survived."}}
[info] i  functions: Finished "us-central1-geocode" in ~1s {"metadata":{"emulator":{"name":"functions"},"function":{"name":"us-central1-geocode"},"message":"Finished \"us-central1-geocode\" in ~1s"}}
[debug] [2022-02-04T16:37:15.400Z] [worker-us-central1-geocode-4c8c38c2-84ca-4b0c-a105-265b57475d28]: IDLE {"metadata":{"emulator":{"name":"functions"},"message":"[worker-us-central1-geocode-4c8c38c2-84ca-4b0c-a105-265b57475d28]: IDLE"}}
[debug] [2022-02-04T16:37:15.400Z] [work-queue] {"queueLength":0,"workRunningCount":0}
[debug] [2022-02-04T16:37:15.423Z] [work-queue] {"queueLength":1,"workRunningCount":0}
[debug] [2022-02-04T16:37:15.423Z] [work-queue] {"queueLength":0,"workRunningCount":1}
[debug] [2022-02-04T16:37:15.423Z] Accepted request GET /mealstogo-bb2ea/us-central1/places?location=37.7749295,-122.4194155&mock=false --> us-central1-places
[debug] [2022-02-04T16:37:15.423Z] [worker-pool] submitWork(triggerId=us-central1-places) {"metadata":{"emulator":{"name":"functions"},"message":"[worker-pool] submitWork(triggerId=us-central1-places)"}}
[debug] [2022-02-04T16:37:15.423Z] [worker-us-central1-places-ce939bb2-3a68-457c-a696-691a1ae10316]: Assigning socketPath: /var/folders/tj/ysp0__mx4578xc659wqmnt180000gn/T/fire_emu_49748.sock {"metadata":{"emulator":{"name":"functions"},"message":"[worker-us-central1-places-ce939bb2-3a68-457c-a696-691a1ae10316]: Assigning socketPath: /var/folders/tj/ysp0__mx4578xc659wqmnt180000gn/T/fire_emu_49748.sock"}}
[debug] [2022-02-04T16:37:15.423Z] [worker-us-central1-places-ce939bb2-3a68-457c-a696-691a1ae10316]: BUSY {"metadata":{"emulator":{"name":"functions"},"message":"[worker-us-central1-places-ce939bb2-3a68-457c-a696-691a1ae10316]: BUSY"}}
[debug] [2022-02-04T16:37:15.424Z] [runtime-status] [49748] Trigger "us-central1-places" has been found, beginning invocation! {"metadata":{"emulator":{"name":"functions"},"function":{"name":"us-central1-places"},"message":"[runtime-status] [49748] Trigger \"us-central1-places\" has been found, beginning invocation!"}}
[info] i  functions: Beginning execution of "us-central1-places" {"metadata":{"emulator":{"name":"functions"},"function":{"name":"us-central1-places"},"message":"Beginning execution of \"us-central1-places\""}}
[debug] [2022-02-04T16:37:15.424Z] [runtime-status] [49748] triggerDefinition {"httpsTrigger":{},"name":"places","entryPoint":"places","regions":["us-central1"],"region":"us-central1","id":"us-central1-places","platform":"gcfv1"} {"metadata":{"emulator":{"name":"functions"},"function":{"name":"us-central1-places"},"message":"[runtime-status] [49748] triggerDefinition {\"httpsTrigger\":{},\"name\":\"places\",\"entryPoint\":\"places\",\"regions\":[\"us-central1\"],\"region\":\"us-central1\",\"id\":\"us-central1-places\",\"platform\":\"gcfv1\"}"}}
[debug] [2022-02-04T16:37:15.424Z] [runtime-status] [49748] Running us-central1-places in signature http {"metadata":{"emulator":{"name":"functions"},"function":{"name":"us-central1-places"},"message":"[runtime-status] [49748] Running us-central1-places in signature http"}}
[debug] [2022-02-04T16:37:15.425Z] [runtime-status] [49748] Attempting to listen to socketPath: /var/folders/tj/ysp0__mx4578xc659wqmnt180000gn/T/fire_emu_49748.sock {"metadata":{"emulator":{"name":"functions"},"function":{"name":"us-central1-places"},"message":"[runtime-status] [49748] Attempting to listen to socketPath: /var/folders/tj/ysp0__mx4578xc659wqmnt180000gn/T/fire_emu_49748.sock"}}
[debug] [2022-02-04T16:37:15.427Z] [functions] Runtime ready! Sending request! {"metadata":{"emulator":{"name":"functions"},"message":"[functions] Runtime ready! Sending request!"}}
[debug] [2022-02-04T16:37:15.427Z] [functions] Got req.url=/mealstogo-bb2ea/us-central1/places?location=37.7749295,-122.4194155&mock=false, mapping to path=/?location=37.7749295,-122.4194155&mock=false {"metadata":{"emulator":{"name":"functions"},"message":"[functions] Got req.url=/mealstogo-bb2ea/us-central1/places?location=37.7749295,-122.4194155&mock=false, mapping to path=/?location=37.7749295,-122.4194155&mock=false"}}
[debug] [2022-02-04T16:37:15.428Z] [runtime-status] [49748] Ephemeral server handling GET request {"metadata":{"emulator":{"name":"functions"},"function":{"name":"us-central1-places"},"message":"[runtime-status] [49748] Ephemeral server handling GET request"}}
[debug] [2022-02-04T16:37:15.768Z] [runtime-status] [49748] Ephemeral server survived. {"metadata":{"emulator":{"name":"functions"},"function":{"name":"us-central1-places"},"message":"[runtime-status] [49748] Ephemeral server survived."}}
[info] i  functions: Finished "us-central1-places" in ~1s {"metadata":{"emulator":{"name":"functions"},"function":{"name":"us-central1-places"},"message":"Finished \"us-central1-places\" in ~1s"}}
[debug] [2022-02-04T16:37:15.770Z] [worker-us-central1-places-ce939bb2-3a68-457c-a696-691a1ae10316]: IDLE {"metadata":{"emulator":{"name":"functions"},"message":"[worker-us-central1-places-ce939bb2-3a68-457c-a696-691a1ae10316]: IDLE"}}
[debug] [2022-02-04T16:37:15.770Z] [work-queue] {"queueLength":0,"workRunningCount":0}
[debug] [2022-02-04T16:44:30.986Z] [work-queue] {"queueLength":1,"workRunningCount":0}
[debug] [2022-02-04T16:44:30.986Z] [work-queue] {"queueLength":0,"workRunningCount":1}
[debug] [2022-02-04T16:44:30.987Z] Accepted request GET /mealstogo-bb2ea/us-central1/geocode?city=san%20francisco&mock=false --> us-central1-geocode
[debug] [2022-02-04T16:44:30.987Z] [worker-pool] submitWork(triggerId=us-central1-geocode) {"metadata":{"emulator":{"name":"functions"},"message":"[worker-pool] submitWork(triggerId=us-central1-geocode)"}}
[debug] [2022-02-04T16:44:30.987Z] [worker-us-central1-geocode-4c8c38c2-84ca-4b0c-a105-265b57475d28]: Assigning socketPath: /var/folders/tj/ysp0__mx4578xc659wqmnt180000gn/T/fire_emu_49747.sock {"metadata":{"emulator":{"name":"functions"},"message":"[worker-us-central1-geocode-4c8c38c2-84ca-4b0c-a105-265b57475d28]: Assigning socketPath: /var/folders/tj/ysp0__mx4578xc659wqmnt180000gn/T/fire_emu_49747.sock"}}
[debug] [2022-02-04T16:44:30.988Z] [worker-us-central1-geocode-4c8c38c2-84ca-4b0c-a105-265b57475d28]: BUSY {"metadata":{"emulator":{"name":"functions"},"message":"[worker-us-central1-geocode-4c8c38c2-84ca-4b0c-a105-265b57475d28]: BUSY"}}
[debug] [2022-02-04T16:44:30.989Z] [runtime-status] [49747] Trigger "us-central1-geocode" has been found, beginning invocation! {"metadata":{"emulator":{"name":"functions"},"function":{"name":"us-central1-geocode"},"message":"[runtime-status] [49747] Trigger \"us-central1-geocode\" has been found, beginning invocation!"}}
[info] i  functions: Beginning execution of "us-central1-geocode" {"metadata":{"emulator":{"name":"functions"},"function":{"name":"us-central1-geocode"},"message":"Beginning execution of \"us-central1-geocode\""}}
[debug] [2022-02-04T16:44:30.990Z] [runtime-status] [49747] triggerDefinition {"httpsTrigger":{},"name":"geocode","entryPoint":"geocode","regions":["us-central1"],"region":"us-central1","id":"us-central1-geocode","platform":"gcfv1"} {"metadata":{"emulator":{"name":"functions"},"function":{"name":"us-central1-geocode"},"message":"[runtime-status] [49747] triggerDefinition {\"httpsTrigger\":{},\"name\":\"geocode\",\"entryPoint\":\"geocode\",\"regions\":[\"us-central1\"],\"region\":\"us-central1\",\"id\":\"us-central1-geocode\",\"platform\":\"gcfv1\"}"}}
[debug] [2022-02-04T16:44:30.990Z] [runtime-status] [49747] Running us-central1-geocode in signature http {"metadata":{"emulator":{"name":"functions"},"function":{"name":"us-central1-geocode"},"message":"[runtime-status] [49747] Running us-central1-geocode in signature http"}}
[debug] [2022-02-04T16:44:30.991Z] [runtime-status] [49747] Attempting to listen to socketPath: /var/folders/tj/ysp0__mx4578xc659wqmnt180000gn/T/fire_emu_49747.sock {"metadata":{"emulator":{"name":"functions"},"function":{"name":"us-central1-geocode"},"message":"[runtime-status] [49747] Attempting to listen to socketPath: /var/folders/tj/ysp0__mx4578xc659wqmnt180000gn/T/fire_emu_49747.sock"}}
[debug] [2022-02-04T16:44:30.993Z] [functions] Runtime ready! Sending request! {"metadata":{"emulator":{"name":"functions"},"message":"[functions] Runtime ready! Sending request!"}}
[debug] [2022-02-04T16:44:30.994Z] [functions] Got req.url=/mealstogo-bb2ea/us-central1/geocode?city=san%20francisco&mock=false, mapping to path=/?city=san%20francisco&mock=false {"metadata":{"emulator":{"name":"functions"},"message":"[functions] Got req.url=/mealstogo-bb2ea/us-central1/geocode?city=san%20francisco&mock=false, mapping to path=/?city=san%20francisco&mock=false"}}
[debug] [2022-02-04T16:44:30.995Z] [runtime-status] [49747] Ephemeral server handling GET request {"metadata":{"emulator":{"name":"functions"},"function":{"name":"us-central1-geocode"},"message":"[runtime-status] [49747] Ephemeral server handling GET request"}}
[debug] [2022-02-04T16:44:31.430Z] [runtime-status] [49747] Ephemeral server survived. {"metadata":{"emulator":{"name":"functions"},"function":{"name":"us-central1-geocode"},"message":"[runtime-status] [49747] Ephemeral server survived."}}
[info] i  functions: Finished "us-central1-geocode" in ~1s {"metadata":{"emulator":{"name":"functions"},"function":{"name":"us-central1-geocode"},"message":"Finished \"us-central1-geocode\" in ~1s"}}
[debug] [2022-02-04T16:44:31.431Z] [worker-us-central1-geocode-4c8c38c2-84ca-4b0c-a105-265b57475d28]: IDLE {"metadata":{"emulator":{"name":"functions"},"message":"[worker-us-central1-geocode-4c8c38c2-84ca-4b0c-a105-265b57475d28]: IDLE"}}
[debug] [2022-02-04T16:44:31.431Z] [work-queue] {"queueLength":0,"workRunningCount":0}
[debug] [2022-02-04T16:44:31.458Z] [work-queue] {"queueLength":1,"workRunningCount":0}
[debug] [2022-02-04T16:44:31.458Z] [work-queue] {"queueLength":0,"workRunningCount":1}
[debug] [2022-02-04T16:44:31.458Z] Accepted request GET /mealstogo-bb2ea/us-central1/places?location=37.7749295,-122.4194155&mock=false --> us-central1-places
[debug] [2022-02-04T16:44:31.458Z] [worker-pool] submitWork(triggerId=us-central1-places) {"metadata":{"emulator":{"name":"functions"},"message":"[worker-pool] submitWork(triggerId=us-central1-places)"}}
[debug] [2022-02-04T16:44:31.458Z] [worker-us-central1-places-ce939bb2-3a68-457c-a696-691a1ae10316]: Assigning socketPath: /var/folders/tj/ysp0__mx4578xc659wqmnt180000gn/T/fire_emu_49748.sock {"metadata":{"emulator":{"name":"functions"},"message":"[worker-us-central1-places-ce939bb2-3a68-457c-a696-691a1ae10316]: Assigning socketPath: /var/folders/tj/ysp0__mx4578xc659wqmnt180000gn/T/fire_emu_49748.sock"}}
[debug] [2022-02-04T16:44:31.459Z] [worker-us-central1-places-ce939bb2-3a68-457c-a696-691a1ae10316]: BUSY {"metadata":{"emulator":{"name":"functions"},"message":"[worker-us-central1-places-ce939bb2-3a68-457c-a696-691a1ae10316]: BUSY"}}
[debug] [2022-02-04T16:44:31.459Z] [runtime-status] [49748] Trigger "us-central1-places" has been found, beginning invocation! {"metadata":{"emulator":{"name":"functions"},"function":{"name":"us-central1-places"},"message":"[runtime-status] [49748] Trigger \"us-central1-places\" has been found, beginning invocation!"}}
[info] i  functions: Beginning execution of "us-central1-places" {"metadata":{"emulator":{"name":"functions"},"function":{"name":"us-central1-places"},"message":"Beginning execution of \"us-central1-places\""}}
[debug] [2022-02-04T16:44:31.460Z] [runtime-status] [49748] triggerDefinition {"httpsTrigger":{},"name":"places","entryPoint":"places","regions":["us-central1"],"region":"us-central1","id":"us-central1-places","platform":"gcfv1"} {"metadata":{"emulator":{"name":"functions"},"function":{"name":"us-central1-places"},"message":"[runtime-status] [49748] triggerDefinition {\"httpsTrigger\":{},\"name\":\"places\",\"entryPoint\":\"places\",\"regions\":[\"us-central1\"],\"region\":\"us-central1\",\"id\":\"us-central1-places\",\"platform\":\"gcfv1\"}"}}
[debug] [2022-02-04T16:44:31.460Z] [runtime-status] [49748] Running us-central1-places in signature http {"metadata":{"emulator":{"name":"functions"},"function":{"name":"us-central1-places"},"message":"[runtime-status] [49748] Running us-central1-places in signature http"}}
[debug] [2022-02-04T16:44:31.460Z] [runtime-status] [49748] Attempting to listen to socketPath: /var/folders/tj/ysp0__mx4578xc659wqmnt180000gn/T/fire_emu_49748.sock {"metadata":{"emulator":{"name":"functions"},"function":{"name":"us-central1-places"},"message":"[runtime-status] [49748] Attempting to listen to socketPath: /var/folders/tj/ysp0__mx4578xc659wqmnt180000gn/T/fire_emu_49748.sock"}}
[debug] [2022-02-04T16:44:31.462Z] [functions] Runtime ready! Sending request! {"metadata":{"emulator":{"name":"functions"},"message":"[functions] Runtime ready! Sending request!"}}
[debug] [2022-02-04T16:44:31.462Z] [functions] Got req.url=/mealstogo-bb2ea/us-central1/places?location=37.7749295,-122.4194155&mock=false, mapping to path=/?location=37.7749295,-122.4194155&mock=false {"metadata":{"emulator":{"name":"functions"},"message":"[functions] Got req.url=/mealstogo-bb2ea/us-central1/places?location=37.7749295,-122.4194155&mock=false, mapping to path=/?location=37.7749295,-122.4194155&mock=false"}}
[debug] [2022-02-04T16:44:31.464Z] [runtime-status] [49748] Ephemeral server handling GET request {"metadata":{"emulator":{"name":"functions"},"function":{"name":"us-central1-places"},"message":"[runtime-status] [49748] Ephemeral server handling GET request"}}
[debug] [2022-02-04T16:44:31.932Z] [runtime-status] [49748] Ephemeral server survived. {"metadata":{"emulator":{"name":"functions"},"function":{"name":"us-central1-places"},"message":"[runtime-status] [49748] Ephemeral server survived."}}
[info] i  functions: Finished "us-central1-places" in ~1s {"metadata":{"emulator":{"name":"functions"},"function":{"name":"us-central1-places"},"message":"Finished \"us-central1-places\" in ~1s"}}
[debug] [2022-02-04T16:44:31.934Z] [worker-us-central1-places-ce939bb2-3a68-457c-a696-691a1ae10316]: IDLE {"metadata":{"emulator":{"name":"functions"},"message":"[worker-us-central1-places-ce939bb2-3a68-457c-a696-691a1ae10316]: IDLE"}}
[debug] [2022-02-04T16:44:31.934Z] [work-queue] {"queueLength":0,"workRunningCount":0}
